
Circuit 1 cell sky130_fd_pr__nfet_01v8 and Circuit 2 cell sky130_fd_pr__nfet_01v8 are black boxes.
Equate elements:  no current cell.
Device classes sky130_fd_pr__nfet_01v8 and sky130_fd_pr__nfet_01v8 are equivalent.

Circuit 1 cell sky130_fd_pr__pfet_01v8 and Circuit 2 cell sky130_fd_pr__pfet_01v8 are black boxes.
Equate elements:  no current cell.
Device classes sky130_fd_pr__pfet_01v8 and sky130_fd_pr__pfet_01v8 are equivalent.
Flattening unmatched subcell sky130_fd_pr__pfet_01v8_FXZ64Q in circuit buffer_digital (1)(2 instances)
Flattening unmatched subcell sky130_fd_pr__nfet_01v8_DQBD8A in circuit buffer_digital (1)(2 instances)

Subcircuit summary:
Circuit 1: buffer_digital                  |Circuit 2: buffer_digital                  
-------------------------------------------|-------------------------------------------
sky130_fd_pr__nfet_01v8 (2)                |sky130_fd_pr__nfet_01v8 (2)                
sky130_fd_pr__pfet_01v8 (2)                |sky130_fd_pr__pfet_01v8 (2)                
Number of devices: 4                       |Number of devices: 4                       
Number of nets: 5                          |Number of nets: 5                          
---------------------------------------------------------------------------------------
Netlists match uniquely.

Subcircuit pins:
Circuit 1: buffer_digital                  |Circuit 2: buffer_digital                  
-------------------------------------------|-------------------------------------------
i                                          |i                                          
in                                         |in                                         
VDD                                        |VDD                                        
GND                                        |GND                                        
---------------------------------------------------------------------------------------
Cell pin lists are equivalent.
Device classes buffer_digital and buffer_digital are equivalent.

Circuit 1 cell sky130_fd_pr__cap_mim_m3_1 and Circuit 2 cell sky130_fd_pr__cap_mim_m3_1 are black boxes.
Equate elements:  no current cell.
Device classes sky130_fd_pr__cap_mim_m3_1 and sky130_fd_pr__cap_mim_m3_1 are equivalent.
Flattening unmatched subcell and_capacitor_8 in circuit capacitor_8 (0)(1 instance)
Flattening unmatched subcell capacito7 in circuit capacitor_8 (1)(1 instance)
Flattening unmatched subcell sky130_fd_pr__pfet_01v8_4ZKXAA in circuit capacitor_8 (1)(1 instance)
Flattening unmatched subcell sky130_fd_pr__nfet_01v8_9LGCGE in circuit capacitor_8 (1)(1 instance)
Flattening unmatched subcell sky130_fd_pr__pfet_01v8_49FP49 in circuit capacitor_8 (1)(1 instance)
Flattening unmatched subcell sky130_fd_pr__nfet_01v8_NJGC45 in circuit capacitor_8 (1)(1 instance)
Flattening unmatched subcell buffer_and_gate in circuit capacitor_8 (1)(1 instance)
Flattening unmatched subcell buffer in circuit capacitor_8 (1)(1 instance)
Flattening unmatched subcell sky130_fd_pr__nfet_01v8_NJGLN5 in circuit capacitor_8 (1)(1 instance)
Flattening unmatched subcell sky130_fd_pr__pfet_01v8_VR4B8J in circuit capacitor_8 (1)(1 instance)
Flattening unmatched subcell and_gate in circuit capacitor_8 (1)(1 instance)
Flattening unmatched subcell sky130_fd_pr__pfet_01v8_X4L24Q in circuit capacitor_8 (1)(1 instance)
Flattening unmatched subcell sky130_fd_pr__nfet_01v8_XJUN3E in circuit capacitor_8 (1)(1 instance)

Class capacitor_8 (1):  Merged 180 parallel devices.
Subcircuit summary:
Circuit 1: capacitor_8                     |Circuit 2: capacitor_8                     
-------------------------------------------|-------------------------------------------
buffer_digital (1)                         |buffer_digital (1)                         
sky130_fd_pr__pfet_01v8 (7)                |sky130_fd_pr__pfet_01v8 (97->7)            
sky130_fd_pr__nfet_01v8 (7)                |sky130_fd_pr__nfet_01v8 (97->7)            
sky130_fd_pr__cap_mim_m3_1 (1)             |sky130_fd_pr__cap_mim_m3_1 (1)             
Number of devices: 16                      |Number of devices: 16                      
Number of nets: 15                         |Number of nets: 15                         
---------------------------------------------------------------------------------------
Resolving symmetries by property value.
Netlists match uniquely.

Subcircuit pins:
Circuit 1: capacitor_8                     |Circuit 2: capacitor_8                     
-------------------------------------------|-------------------------------------------
clk                                        |capacitor_7_0/buffer_and_gate_0/clk **Mism 
vd4                                        |w_7118_n356# **Mismatch**                  
vd3                                        |w_1380_n364# **Mismatch**                  
i1                                         |capacitor_7_0/buffer_digital_0/i **Mismatc 
vd1                                        |capacitor_7_0/a_2858_n174# **Mismatch**    
vd2                                        |capacitor_7_0/a_5270_n124# **Mismatch**    
cp_clk                                     |capacitor_7_0/m3_7758_166# **Mismatch**    
VDD                                        |capacitor_7_0/buffer_digital_0/VDD **Misma 
gnd                                        |VSUBS **Mismatch**                         
---------------------------------------------------------------------------------------
Cell pin lists for capacitor_8 and capacitor_8 altered to match.
Device classes capacitor_8 and capacitor_8 are equivalent.
Flattening unmatched subcell and_capacitor_5 in circuit capacitor_5 (0)(1 instance)
Flattening unmatched subcell and_20x_wide in circuit capacitor_5 (0)(1 instance)
Flattening unmatched subcell sky130_fd_pr__nfet_01v8_D4CMYK in circuit capacitor_5 (1)(1 instance)
Flattening unmatched subcell sky130_fd_pr__pfet_01v8_4ZKXAA in circuit capacitor_5 (1)(3 instances)
Flattening unmatched subcell sky130_fd_pr__nfet_01v8_NJGC45 in circuit capacitor_5 (1)(1 instance)
Flattening unmatched subcell buffer_and_gate in circuit capacitor_5 (1)(1 instance)
Flattening unmatched subcell buffer in circuit capacitor_5 (1)(1 instance)
Flattening unmatched subcell sky130_fd_pr__nfet_01v8_NJGLN5 in circuit capacitor_5 (1)(1 instance)
Flattening unmatched subcell sky130_fd_pr__pfet_01v8_VR4B8J in circuit capacitor_5 (1)(1 instance)
Flattening unmatched subcell and_gate in circuit capacitor_5 (1)(1 instance)
Flattening unmatched subcell sky130_fd_pr__pfet_01v8_X4L24Q in circuit capacitor_5 (1)(1 instance)
Flattening unmatched subcell sky130_fd_pr__nfet_01v8_XJUN3E in circuit capacitor_5 (1)(1 instance)

Class capacitor_5 (1):  Merged 168 parallel devices.
Subcircuit summary:
Circuit 1: capacitor_5                     |Circuit 2: capacitor_5                     
-------------------------------------------|-------------------------------------------
buffer_digital (1)                         |buffer_digital (1)                         
sky130_fd_pr__pfet_01v8 (7)                |sky130_fd_pr__pfet_01v8 (97->7)            
sky130_fd_pr__nfet_01v8 (7)                |sky130_fd_pr__nfet_01v8 (85->7)            
sky130_fd_pr__cap_mim_m3_1 (1)             |sky130_fd_pr__cap_mim_m3_1 (1)             
Number of devices: 16                      |Number of devices: 16                      
Number of nets: 15                         |Number of nets: 15                         
---------------------------------------------------------------------------------------
Resolving symmetries by property value.
Netlists match uniquely.

Subcircuit pins:
Circuit 1: capacitor_5                     |Circuit 2: capacitor_5                     
-------------------------------------------|-------------------------------------------
clk                                        |clk                                        
vd3                                        |vd3                                        
vd4                                        |vd4                                        
i1                                         |i1                                         
vd2                                        |vd2                                        
vd1                                        |vd1                                        
cp_clk                                     |cp_clk                                     
VDD                                        |VDD                                        
gnd                                        |GND                                        
---------------------------------------------------------------------------------------
Cell pin lists are equivalent.
Device classes capacitor_5 and capacitor_5 are equivalent.
Flattening unmatched subcell sky130_fd_pr__pfet_01v8_E9H44Q in circuit pmos_cp1 (1)(2 instances)
Flattening unmatched subcell sky130_fd_pr__pfet_01v8_9AYYDL in circuit pmos_cp1 (1)(2 instances)

Cell pmos_cp1 (1) disconnected node: VSUBS
Subcircuit summary:
Circuit 1: pmos_cp1                        |Circuit 2: pmos_cp1                        
-------------------------------------------|-------------------------------------------
sky130_fd_pr__pfet_01v8 (4)                |sky130_fd_pr__pfet_01v8 (4)                
Number of devices: 4                       |Number of devices: 4                       
Number of nets: 5                          |Number of nets: 5                          
---------------------------------------------------------------------------------------
Resolving symmetries by property value.
Resolving symmetries by pin name.
Netlists match with 4 symmetries.

Subcircuit pins:
Circuit 1: pmos_cp1                        |Circuit 2: pmos_cp1                        
-------------------------------------------|-------------------------------------------
d1                                         |m1_14_56# **Mismatch**                     
d2                                         |m1_532_58# **Mismatch**                    
out                                        |w_n14_n142# **Mismatch**                   
clkb_cap                                   |a_168_22# **Mismatch**                     
clk_cap                                    |a_424_18# **Mismatch**                     
(no matching pin)                          |VSUBS                                      
---------------------------------------------------------------------------------------
Cell pin lists for pmos_cp1 and pmos_cp1 altered to match.
Device classes pmos_cp1 and pmos_cp1 are equivalent.
  Flattening non-matched subcircuits pmos_cp1 pmos_cp1

Circuit 1 cell sky130_fd_pr__pfet_01v8_lvt and Circuit 2 cell sky130_fd_pr__pfet_01v8_lvt are black boxes.
Equate elements:  no current cell.
Device classes sky130_fd_pr__pfet_01v8_lvt and sky130_fd_pr__pfet_01v8_lvt are equivalent.

Circuit 1 cell sky130_fd_pr__pfet_01v8_hvt and Circuit 2 cell sky130_fd_pr__pfet_01v8_hvt are black boxes.
Equate elements:  no current cell.
Device classes sky130_fd_pr__pfet_01v8_hvt and sky130_fd_pr__pfet_01v8_hvt are equivalent.

Subcircuit summary:
Circuit 1: sky130_fd_sc_hd__decap_3[[0]]   |Circuit 2: sky130_fd_sc_hd__decap_3        
-------------------------------------------|-------------------------------------------
sky130_fd_pr__pfet_01v8_hvt (1)            |sky130_fd_pr__pfet_01v8_hvt (1)            
sky130_fd_pr__nfet_01v8 (1)                |sky130_fd_pr__nfet_01v8 (1)                
Number of devices: 2                       |Number of devices: 2                       
Number of nets: 4                          |Number of nets: 4                          
---------------------------------------------------------------------------------------
Netlists match uniquely.

Subcircuit pins:
Circuit 1: sky130_fd_sc_hd__decap_3[[0]]   |Circuit 2: sky130_fd_sc_hd__decap_3        
-------------------------------------------|-------------------------------------------
VPB                                        |VPB                                        
VNB                                        |VNB                                        
VPWR                                       |VPWR                                       
VGND                                       |VGND                                       
---------------------------------------------------------------------------------------
Cell pin lists are equivalent.
Device classes sky130_fd_sc_hd__decap_3[[0]] and sky130_fd_sc_hd__decap_3 are equivalent.

Subcircuit summary:
Circuit 1: sky130_fd_sc_hd__o31a_1[[0]]    |Circuit 2: sky130_fd_sc_hd__o31a_1         
-------------------------------------------|-------------------------------------------
sky130_fd_pr__nfet_01v8 (5)                |sky130_fd_pr__nfet_01v8 (5)                
sky130_fd_pr__pfet_01v8_hvt (5)            |sky130_fd_pr__pfet_01v8_hvt (5)            
Number of devices: 10                      |Number of devices: 10                      
Number of nets: 13                         |Number of nets: 13                         
---------------------------------------------------------------------------------------
Netlists match uniquely.

Subcircuit pins:
Circuit 1: sky130_fd_sc_hd__o31a_1[[0]]    |Circuit 2: sky130_fd_sc_hd__o31a_1         
-------------------------------------------|-------------------------------------------
VPWR                                       |VPWR                                       
VGND                                       |VGND                                       
B1                                         |B1                                         
X                                          |X                                          
A2                                         |A2                                         
A3                                         |A3                                         
A1                                         |A1                                         
VNB                                        |VNB                                        
VPB                                        |VPB                                        
---------------------------------------------------------------------------------------
Cell pin lists are equivalent.
Device classes sky130_fd_sc_hd__o31a_1[[0]] and sky130_fd_sc_hd__o31a_1 are equivalent.

Subcircuit summary:
Circuit 1: sky130_fd_sc_hd__a21oi_1[[0]]   |Circuit 2: sky130_fd_sc_hd__a21oi_1        
-------------------------------------------|-------------------------------------------
sky130_fd_pr__nfet_01v8 (3)                |sky130_fd_pr__nfet_01v8 (3)                
sky130_fd_pr__pfet_01v8_hvt (3)            |sky130_fd_pr__pfet_01v8_hvt (3)            
Number of devices: 6                       |Number of devices: 6                       
Number of nets: 10                         |Number of nets: 10                         
---------------------------------------------------------------------------------------
Netlists match uniquely.

Subcircuit pins:
Circuit 1: sky130_fd_sc_hd__a21oi_1[[0]]   |Circuit 2: sky130_fd_sc_hd__a21oi_1        
-------------------------------------------|-------------------------------------------
Y                                          |Y                                          
VNB                                        |VNB                                        
VPB                                        |VPB                                        
A1                                         |A1                                         
A2                                         |A2                                         
VPWR                                       |VPWR                                       
B1                                         |B1                                         
VGND                                       |VGND                                       
---------------------------------------------------------------------------------------
Cell pin lists are equivalent.
Device classes sky130_fd_sc_hd__a21oi_1[[0]] and sky130_fd_sc_hd__a21oi_1 are equivalent.

Class sky130_fd_sc_hd__buf_2[[0]] (0):  Merged 2 parallel devices.
Class sky130_fd_sc_hd__buf_2 (1):  Merged 2 parallel devices.
Subcircuit summary:
Circuit 1: sky130_fd_sc_hd__buf_2[[0]]     |Circuit 2: sky130_fd_sc_hd__buf_2          
-------------------------------------------|-------------------------------------------
sky130_fd_pr__pfet_01v8_hvt (3->2)         |sky130_fd_pr__pfet_01v8_hvt (3->2)         
sky130_fd_pr__nfet_01v8 (3->2)             |sky130_fd_pr__nfet_01v8 (3->2)             
Number of devices: 4                       |Number of devices: 4                       
Number of nets: 7                          |Number of nets: 7                          
---------------------------------------------------------------------------------------
Netlists match uniquely.

Subcircuit pins:
Circuit 1: sky130_fd_sc_hd__buf_2[[0]]     |Circuit 2: sky130_fd_sc_hd__buf_2          
-------------------------------------------|-------------------------------------------
VPWR                                       |VPWR                                       
X                                          |X                                          
VPB                                        |VPB                                        
A                                          |A                                          
VGND                                       |VGND                                       
VNB                                        |VNB                                        
---------------------------------------------------------------------------------------
Cell pin lists are equivalent.
Device classes sky130_fd_sc_hd__buf_2[[0]] and sky130_fd_sc_hd__buf_2 are equivalent.

Subcircuit summary:
Circuit 1: sky130_fd_sc_hd__or3_1[[0]]     |Circuit 2: sky130_fd_sc_hd__or3_1          
-------------------------------------------|-------------------------------------------
sky130_fd_pr__pfet_01v8_hvt (4)            |sky130_fd_pr__pfet_01v8_hvt (4)            
sky130_fd_pr__nfet_01v8 (4)                |sky130_fd_pr__nfet_01v8 (4)                
Number of devices: 8                       |Number of devices: 8                       
Number of nets: 11                         |Number of nets: 11                         
---------------------------------------------------------------------------------------
Netlists match uniquely.

Subcircuit pins:
Circuit 1: sky130_fd_sc_hd__or3_1[[0]]     |Circuit 2: sky130_fd_sc_hd__or3_1          
-------------------------------------------|-------------------------------------------
VPB                                        |VPB                                        
VGND                                       |VGND                                       
VNB                                        |VNB                                        
X                                          |X                                          
VPWR                                       |VPWR                                       
C                                          |C                                          
A                                          |A                                          
B                                          |B                                          
---------------------------------------------------------------------------------------
Cell pin lists are equivalent.
Device classes sky130_fd_sc_hd__or3_1[[0]] and sky130_fd_sc_hd__or3_1 are equivalent.

Class sky130_fd_sc_hd__clkbuf_4[[0]] (0):  Merged 6 parallel devices.
Class sky130_fd_sc_hd__clkbuf_4 (1):  Merged 6 parallel devices.
Subcircuit summary:
Circuit 1: sky130_fd_sc_hd__clkbuf_4[[0]]  |Circuit 2: sky130_fd_sc_hd__clkbuf_4       
-------------------------------------------|-------------------------------------------
sky130_fd_pr__pfet_01v8_hvt (5->2)         |sky130_fd_pr__pfet_01v8_hvt (5->2)         
sky130_fd_pr__nfet_01v8 (5->2)             |sky130_fd_pr__nfet_01v8 (5->2)             
Number of devices: 4                       |Number of devices: 4                       
Number of nets: 7                          |Number of nets: 7                          
---------------------------------------------------------------------------------------
Netlists match uniquely.

Subcircuit pins:
Circuit 1: sky130_fd_sc_hd__clkbuf_4[[0]]  |Circuit 2: sky130_fd_sc_hd__clkbuf_4       
-------------------------------------------|-------------------------------------------
VPWR                                       |VPWR                                       
A                                          |A                                          
VPB                                        |VPB                                        
VGND                                       |VGND                                       
X                                          |X                                          
VNB                                        |VNB                                        
---------------------------------------------------------------------------------------
Cell pin lists are equivalent.
Device classes sky130_fd_sc_hd__clkbuf_4[[0]] and sky130_fd_sc_hd__clkbuf_4 are equivalent.

Subcircuit summary:
Circuit 1: sky130_fd_sc_hd__o21a_1[[0]]    |Circuit 2: sky130_fd_sc_hd__o21a_1         
-------------------------------------------|-------------------------------------------
sky130_fd_pr__pfet_01v8_hvt (4)            |sky130_fd_pr__pfet_01v8_hvt (4)            
sky130_fd_pr__nfet_01v8 (4)                |sky130_fd_pr__nfet_01v8 (4)                
Number of devices: 8                       |Number of devices: 8                       
Number of nets: 11                         |Number of nets: 11                         
---------------------------------------------------------------------------------------
Netlists match uniquely.

Subcircuit pins:
Circuit 1: sky130_fd_sc_hd__o21a_1[[0]]    |Circuit 2: sky130_fd_sc_hd__o21a_1         
-------------------------------------------|-------------------------------------------
VPB                                        |VPB                                        
VNB                                        |VNB                                        
A1                                         |A1                                         
B1                                         |B1                                         
A2                                         |A2                                         
X                                          |X                                          
VPWR                                       |VPWR                                       
VGND                                       |VGND                                       
---------------------------------------------------------------------------------------
Cell pin lists are equivalent.
Device classes sky130_fd_sc_hd__o21a_1[[0]] and sky130_fd_sc_hd__o21a_1 are equivalent.

Subcircuit summary:
Circuit 1: sky130_fd_sc_hd__decap_8[[0]]   |Circuit 2: sky130_fd_sc_hd__decap_8        
-------------------------------------------|-------------------------------------------
sky130_fd_pr__pfet_01v8_hvt (1)            |sky130_fd_pr__pfet_01v8_hvt (1)            
sky130_fd_pr__nfet_01v8 (1)                |sky130_fd_pr__nfet_01v8 (1)                
Number of devices: 2                       |Number of devices: 2                       
Number of nets: 4                          |Number of nets: 4                          
---------------------------------------------------------------------------------------
Netlists match uniquely.

Subcircuit pins:
Circuit 1: sky130_fd_sc_hd__decap_8[[0]]   |Circuit 2: sky130_fd_sc_hd__decap_8        
-------------------------------------------|-------------------------------------------
VPB                                        |VPB                                        
VNB                                        |VNB                                        
VPWR                                       |VPWR                                       
VGND                                       |VGND                                       
---------------------------------------------------------------------------------------
Cell pin lists are equivalent.
Device classes sky130_fd_sc_hd__decap_8[[0]] and sky130_fd_sc_hd__decap_8 are equivalent.

Subcircuit summary:
Circuit 1: sky130_fd_sc_hd__nor3b_1[[0]]   |Circuit 2: sky130_fd_sc_hd__nor3b_1        
-------------------------------------------|-------------------------------------------
sky130_fd_pr__nfet_01v8 (4)                |sky130_fd_pr__nfet_01v8 (4)                
sky130_fd_pr__pfet_01v8_hvt (4)            |sky130_fd_pr__pfet_01v8_hvt (4)            
Number of devices: 8                       |Number of devices: 8                       
Number of nets: 11                         |Number of nets: 11                         
---------------------------------------------------------------------------------------
Netlists match uniquely.

Subcircuit pins:
Circuit 1: sky130_fd_sc_hd__nor3b_1[[0]]   |Circuit 2: sky130_fd_sc_hd__nor3b_1        
-------------------------------------------|-------------------------------------------
VPWR                                       |VPWR                                       
A                                          |A                                          
B                                          |B                                          
C_N                                        |C_N                                        
VGND                                       |VGND                                       
Y                                          |Y                                          
VNB                                        |VNB                                        
VPB                                        |VPB                                        
---------------------------------------------------------------------------------------
Cell pin lists are equivalent.
Device classes sky130_fd_sc_hd__nor3b_1[[0]] and sky130_fd_sc_hd__nor3b_1 are equivalent.

Subcircuit summary:
Circuit 1: sky130_fd_sc_hd__decap_6[[0]]   |Circuit 2: sky130_fd_sc_hd__decap_6        
-------------------------------------------|-------------------------------------------
sky130_fd_pr__pfet_01v8_hvt (1)            |sky130_fd_pr__pfet_01v8_hvt (1)            
sky130_fd_pr__nfet_01v8 (1)                |sky130_fd_pr__nfet_01v8 (1)                
Number of devices: 2                       |Number of devices: 2                       
Number of nets: 4                          |Number of nets: 4                          
---------------------------------------------------------------------------------------
Netlists match uniquely.

Subcircuit pins:
Circuit 1: sky130_fd_sc_hd__decap_6[[0]]   |Circuit 2: sky130_fd_sc_hd__decap_6        
-------------------------------------------|-------------------------------------------
VPB                                        |VPB                                        
VNB                                        |VNB                                        
VPWR                                       |VPWR                                       
VGND                                       |VGND                                       
---------------------------------------------------------------------------------------
Cell pin lists are equivalent.
Device classes sky130_fd_sc_hd__decap_6[[0]] and sky130_fd_sc_hd__decap_6 are equivalent.

Subcircuit summary:
Circuit 1: sky130_fd_sc_hd__decap_4[[0]]   |Circuit 2: sky130_fd_sc_hd__decap_4        
-------------------------------------------|-------------------------------------------
sky130_fd_pr__pfet_01v8_hvt (1)            |sky130_fd_pr__pfet_01v8_hvt (1)            
sky130_fd_pr__nfet_01v8 (1)                |sky130_fd_pr__nfet_01v8 (1)                
Number of devices: 2                       |Number of devices: 2                       
Number of nets: 4                          |Number of nets: 4                          
---------------------------------------------------------------------------------------
Netlists match uniquely.

Subcircuit pins:
Circuit 1: sky130_fd_sc_hd__decap_4[[0]]   |Circuit 2: sky130_fd_sc_hd__decap_4        
-------------------------------------------|-------------------------------------------
VPB                                        |VPB                                        
VNB                                        |VNB                                        
VPWR                                       |VPWR                                       
VGND                                       |VGND                                       
---------------------------------------------------------------------------------------
Cell pin lists are equivalent.
Device classes sky130_fd_sc_hd__decap_4[[0]] and sky130_fd_sc_hd__decap_4 are equivalent.

Class sky130_fd_sc_hd__clkbuf_16[[0]] (0):  Merged 36 parallel devices.
Class sky130_fd_sc_hd__clkbuf_16 (1):  Merged 36 parallel devices.
Subcircuit summary:
Circuit 1: sky130_fd_sc_hd__clkbuf_16[[0]] |Circuit 2: sky130_fd_sc_hd__clkbuf_16      
-------------------------------------------|-------------------------------------------
sky130_fd_pr__pfet_01v8_hvt (20->2)        |sky130_fd_pr__pfet_01v8_hvt (20->2)        
sky130_fd_pr__nfet_01v8 (20->2)            |sky130_fd_pr__nfet_01v8 (20->2)            
Number of devices: 4                       |Number of devices: 4                       
Number of nets: 7                          |Number of nets: 7                          
---------------------------------------------------------------------------------------
Netlists match uniquely.

Subcircuit pins:
Circuit 1: sky130_fd_sc_hd__clkbuf_16[[0]] |Circuit 2: sky130_fd_sc_hd__clkbuf_16      
-------------------------------------------|-------------------------------------------
VPWR                                       |VPWR                                       
A                                          |A                                          
VPB                                        |VPB                                        
X                                          |X                                          
VGND                                       |VGND                                       
VNB                                        |VNB                                        
---------------------------------------------------------------------------------------
Cell pin lists are equivalent.
Device classes sky130_fd_sc_hd__clkbuf_16[[0]] and sky130_fd_sc_hd__clkbuf_16 are equivalent.

Subcircuit summary:
Circuit 1: sky130_ef_sc_hd__decap_12       |Circuit 2: sky130_ef_sc_hd__decap_12       
-------------------------------------------|-------------------------------------------
sky130_fd_pr__pfet_01v8_hvt (1)            |sky130_fd_pr__pfet_01v8_hvt (1)            
sky130_fd_pr__nfet_01v8 (1)                |sky130_fd_pr__nfet_01v8 (1)                
Number of devices: 2                       |Number of devices: 2                       
Number of nets: 4                          |Number of nets: 4                          
---------------------------------------------------------------------------------------
Netlists match uniquely.

Subcircuit pins:
Circuit 1: sky130_ef_sc_hd__decap_12       |Circuit 2: sky130_ef_sc_hd__decap_12       
-------------------------------------------|-------------------------------------------
VPB                                        |VPB                                        
VNB                                        |VNB                                        
VPWR                                       |VPWR                                       
VGND                                       |VGND                                       
---------------------------------------------------------------------------------------
Cell pin lists are equivalent.
Device classes sky130_ef_sc_hd__decap_12 and sky130_ef_sc_hd__decap_12 are equivalent.

Class sky130_fd_sc_hd__clkbuf_2[[0]] (0):  Merged 2 parallel devices.
Class sky130_fd_sc_hd__clkbuf_2 (1):  Merged 2 parallel devices.
Subcircuit summary:
Circuit 1: sky130_fd_sc_hd__clkbuf_2[[0]]  |Circuit 2: sky130_fd_sc_hd__clkbuf_2       
-------------------------------------------|-------------------------------------------
sky130_fd_pr__pfet_01v8_hvt (3->2)         |sky130_fd_pr__pfet_01v8_hvt (3->2)         
sky130_fd_pr__nfet_01v8 (3->2)             |sky130_fd_pr__nfet_01v8 (3->2)             
Number of devices: 4                       |Number of devices: 4                       
Number of nets: 7                          |Number of nets: 7                          
---------------------------------------------------------------------------------------
Netlists match uniquely.

Subcircuit pins:
Circuit 1: sky130_fd_sc_hd__clkbuf_2[[0]]  |Circuit 2: sky130_fd_sc_hd__clkbuf_2       
-------------------------------------------|-------------------------------------------
VPWR                                       |VPWR                                       
A                                          |A                                          
VPB                                        |VPB                                        
X                                          |X                                          
VGND                                       |VGND                                       
VNB                                        |VNB                                        
---------------------------------------------------------------------------------------
Cell pin lists are equivalent.
Device classes sky130_fd_sc_hd__clkbuf_2[[0]] and sky130_fd_sc_hd__clkbuf_2 are equivalent.

Subcircuit summary:
Circuit 1: sky130_fd_sc_hd__clkbuf_1[[0]]  |Circuit 2: sky130_fd_sc_hd__clkbuf_1       
-------------------------------------------|-------------------------------------------
sky130_fd_pr__pfet_01v8_hvt (2)            |sky130_fd_pr__pfet_01v8_hvt (2)            
sky130_fd_pr__nfet_01v8 (2)                |sky130_fd_pr__nfet_01v8 (2)                
Number of devices: 4                       |Number of devices: 4                       
Number of nets: 7                          |Number of nets: 7                          
---------------------------------------------------------------------------------------
Netlists match uniquely.

Subcircuit pins:
Circuit 1: sky130_fd_sc_hd__clkbuf_1[[0]]  |Circuit 2: sky130_fd_sc_hd__clkbuf_1       
-------------------------------------------|-------------------------------------------
VPWR                                       |VPWR                                       
X                                          |X                                          
VPB                                        |VPB                                        
A                                          |A                                          
VGND                                       |VGND                                       
VNB                                        |VNB                                        
---------------------------------------------------------------------------------------
Cell pin lists are equivalent.
Device classes sky130_fd_sc_hd__clkbuf_1[[0]] and sky130_fd_sc_hd__clkbuf_1 are equivalent.

Subcircuit summary:
Circuit 1: sky130_fd_sc_hd__dlymetal6s2s_1 |Circuit 2: sky130_fd_sc_hd__dlymetal6s2s_1 
-------------------------------------------|-------------------------------------------
sky130_fd_pr__pfet_01v8_hvt (6)            |sky130_fd_pr__pfet_01v8_hvt (6)            
sky130_fd_pr__nfet_01v8 (6)                |sky130_fd_pr__nfet_01v8 (6)                
Number of devices: 12                      |Number of devices: 12                      
Number of nets: 11                         |Number of nets: 11                         
---------------------------------------------------------------------------------------
Netlists match uniquely.

Subcircuit pins:
Circuit 1: sky130_fd_sc_hd__dlymetal6s2s_1 |Circuit 2: sky130_fd_sc_hd__dlymetal6s2s_1 
-------------------------------------------|-------------------------------------------
A                                          |A                                          
VPWR                                       |VPWR                                       
VPB                                        |VPB                                        
VGND                                       |VGND                                       
VNB                                        |VNB                                        
X                                          |X                                          
---------------------------------------------------------------------------------------
Cell pin lists are equivalent.
Device classes sky130_fd_sc_hd__dlymetal6s2s_1[[0]] and sky130_fd_sc_hd__dlymetal6s2s_1 are equivalent.

Subcircuit summary:
Circuit 1: sky130_fd_sc_hd__dfrtp_1[[0]]   |Circuit 2: sky130_fd_sc_hd__dfrtp_1        
-------------------------------------------|-------------------------------------------
sky130_fd_pr__nfet_01v8 (14)               |sky130_fd_pr__nfet_01v8 (14)               
sky130_fd_pr__pfet_01v8_hvt (14)           |sky130_fd_pr__pfet_01v8_hvt (14)           
Number of devices: 28                      |Number of devices: 28                      
Number of nets: 21                         |Number of nets: 21                         
---------------------------------------------------------------------------------------
Netlists match uniquely.

Subcircuit pins:
Circuit 1: sky130_fd_sc_hd__dfrtp_1[[0]]   |Circuit 2: sky130_fd_sc_hd__dfrtp_1        
-------------------------------------------|-------------------------------------------
VPWR                                       |VPWR                                       
RESET_B                                    |RESET_B                                    
VNB                                        |VNB                                        
VPB                                        |VPB                                        
VGND                                       |VGND                                       
Q                                          |Q                                          
CLK                                        |CLK                                        
D                                          |D                                          
---------------------------------------------------------------------------------------
Cell pin lists are equivalent.
Device classes sky130_fd_sc_hd__dfrtp_1[[0]] and sky130_fd_sc_hd__dfrtp_1 are equivalent.

Subcircuit summary:
Circuit 1: sky130_fd_sc_hd__and2_1[[0]]    |Circuit 2: sky130_fd_sc_hd__and2_1         
-------------------------------------------|-------------------------------------------
sky130_fd_pr__pfet_01v8_hvt (3)            |sky130_fd_pr__pfet_01v8_hvt (3)            
sky130_fd_pr__nfet_01v8 (3)                |sky130_fd_pr__nfet_01v8 (3)                
Number of devices: 6                       |Number of devices: 6                       
Number of nets: 9                          |Number of nets: 9                          
---------------------------------------------------------------------------------------
Netlists match uniquely.

Subcircuit pins:
Circuit 1: sky130_fd_sc_hd__and2_1[[0]]    |Circuit 2: sky130_fd_sc_hd__and2_1         
-------------------------------------------|-------------------------------------------
B                                          |B                                          
X                                          |X                                          
VGND                                       |VGND                                       
A                                          |A                                          
VPWR                                       |VPWR                                       
VPB                                        |VPB                                        
VNB                                        |VNB                                        
---------------------------------------------------------------------------------------
Cell pin lists are equivalent.
Device classes sky130_fd_sc_hd__and2_1[[0]] and sky130_fd_sc_hd__and2_1 are equivalent.

Subcircuit summary:
Circuit 1: sky130_fd_sc_hd__dlygate4sd3_1[ |Circuit 2: sky130_fd_sc_hd__dlygate4sd3_1  
-------------------------------------------|-------------------------------------------
sky130_fd_pr__pfet_01v8_hvt (4)            |sky130_fd_pr__pfet_01v8_hvt (4)            
sky130_fd_pr__nfet_01v8 (4)                |sky130_fd_pr__nfet_01v8 (4)                
Number of devices: 8                       |Number of devices: 8                       
Number of nets: 9                          |Number of nets: 9                          
---------------------------------------------------------------------------------------
Netlists match uniquely.

Subcircuit pins:
Circuit 1: sky130_fd_sc_hd__dlygate4sd3_1[ |Circuit 2: sky130_fd_sc_hd__dlygate4sd3_1  
-------------------------------------------|-------------------------------------------
A                                          |A                                          
X                                          |X                                          
VPWR                                       |VPWR                                       
VPB                                        |VPB                                        
VGND                                       |VGND                                       
VNB                                        |VNB                                        
---------------------------------------------------------------------------------------
Cell pin lists are equivalent.
Device classes sky130_fd_sc_hd__dlygate4sd3_1[[0]] and sky130_fd_sc_hd__dlygate4sd3_1 are equivalent.

Class sky130_fd_sc_hd__nor2_2[[0]] (0):  Merged 4 parallel devices.
Class sky130_fd_sc_hd__nor2_2 (1):  Merged 4 parallel devices.
Subcircuit summary:
Circuit 1: sky130_fd_sc_hd__nor2_2[[0]]    |Circuit 2: sky130_fd_sc_hd__nor2_2         
-------------------------------------------|-------------------------------------------
sky130_fd_pr__pfet_01v8_hvt (4->2)         |sky130_fd_pr__pfet_01v8_hvt (4->2)         
sky130_fd_pr__nfet_01v8 (4->2)             |sky130_fd_pr__nfet_01v8 (4->2)             
Number of devices: 4                       |Number of devices: 4                       
Number of nets: 8                          |Number of nets: 8                          
---------------------------------------------------------------------------------------
Netlists match uniquely.

Subcircuit pins:
Circuit 1: sky130_fd_sc_hd__nor2_2[[0]]    |Circuit 2: sky130_fd_sc_hd__nor2_2         
-------------------------------------------|-------------------------------------------
VPWR                                       |VPWR                                       
B                                          |B                                          
VPB                                        |VPB                                        
VGND                                       |VGND                                       
VNB                                        |VNB                                        
A                                          |A                                          
Y                                          |Y                                          
---------------------------------------------------------------------------------------
Cell pin lists are equivalent.
Device classes sky130_fd_sc_hd__nor2_2[[0]] and sky130_fd_sc_hd__nor2_2 are equivalent.

Subcircuit summary:
Circuit 1: sky130_fd_sc_hd__o32a_1[[0]]    |Circuit 2: sky130_fd_sc_hd__o32a_1         
-------------------------------------------|-------------------------------------------
sky130_fd_pr__nfet_01v8 (6)                |sky130_fd_pr__nfet_01v8 (6)                
sky130_fd_pr__pfet_01v8_hvt (6)            |sky130_fd_pr__pfet_01v8_hvt (6)            
Number of devices: 12                      |Number of devices: 12                      
Number of nets: 15                         |Number of nets: 15                         
---------------------------------------------------------------------------------------
Netlists match uniquely.

Subcircuit pins:
Circuit 1: sky130_fd_sc_hd__o32a_1[[0]]    |Circuit 2: sky130_fd_sc_hd__o32a_1         
-------------------------------------------|-------------------------------------------
VGND                                       |VGND                                       
VPWR                                       |VPWR                                       
B2                                         |B2                                         
A2                                         |A2                                         
A1                                         |A1                                         
B1                                         |B1                                         
X                                          |X                                          
A3                                         |A3                                         
VNB                                        |VNB                                        
VPB                                        |VPB                                        
---------------------------------------------------------------------------------------
Cell pin lists are equivalent.
Device classes sky130_fd_sc_hd__o32a_1[[0]] and sky130_fd_sc_hd__o32a_1 are equivalent.

Class scanchain (0):  Merged 51 parallel devices.
Class scanchain (1):  Merged 51 parallel devices.
Subcircuit summary:
Circuit 1: scanchain                       |Circuit 2: scanchain                       
-------------------------------------------|-------------------------------------------
sky130_fd_sc_hd__decap_3[[0]] (28->1)      |sky130_fd_sc_hd__decap_3 (28->1)           
sky130_fd_sc_hd__o31a_1[[0]] (7)           |sky130_fd_sc_hd__o31a_1 (7)                
sky130_fd_sc_hd__a21oi_1[[0]] (1)          |sky130_fd_sc_hd__a21oi_1 (1)               
sky130_fd_sc_hd__buf_2[[0]] (9)            |sky130_fd_sc_hd__buf_2 (9)                 
sky130_fd_sc_hd__or3_1[[0]] (7)            |sky130_fd_sc_hd__or3_1 (7)                 
sky130_fd_sc_hd__clkbuf_4[[0]] (5)         |sky130_fd_sc_hd__clkbuf_4 (5)              
sky130_fd_sc_hd__o21a_1[[0]] (6)           |sky130_fd_sc_hd__o21a_1 (6)                
sky130_fd_sc_hd__decap_8[[0]] (9->1)       |sky130_fd_sc_hd__decap_8 (9->1)            
sky130_fd_sc_hd__nor3b_1[[0]] (7)          |sky130_fd_sc_hd__nor3b_1 (7)               
sky130_fd_sc_hd__decap_6[[0]] (3->1)       |sky130_fd_sc_hd__decap_6 (3->1)            
sky130_fd_sc_hd__decap_4[[0]] (7->1)       |sky130_fd_sc_hd__decap_4 (7->1)            
sky130_fd_sc_hd__clkbuf_16[[0]] (3)        |sky130_fd_sc_hd__clkbuf_16 (3)             
sky130_ef_sc_hd__decap_12 (9->1)           |sky130_ef_sc_hd__decap_12 (9->1)           
sky130_fd_sc_hd__clkbuf_2[[0]] (1)         |sky130_fd_sc_hd__clkbuf_2 (1)              
sky130_fd_sc_hd__clkbuf_1[[0]] (2)         |sky130_fd_sc_hd__clkbuf_1 (2)              
sky130_fd_sc_hd__dlymetal6s2s_1[[0]] (1)   |sky130_fd_sc_hd__dlymetal6s2s_1 (1)        
sky130_fd_sc_hd__dfrtp_1[[0]] (8)          |sky130_fd_sc_hd__dfrtp_1 (8)               
sky130_fd_sc_hd__and2_1[[0]] (1)           |sky130_fd_sc_hd__and2_1 (1)                
sky130_fd_sc_hd__dlygate4sd3_1[[0]] (4)    |sky130_fd_sc_hd__dlygate4sd3_1 (4)         
sky130_fd_sc_hd__nor2_2[[0]] (1)           |sky130_fd_sc_hd__nor2_2 (1)                
sky130_fd_sc_hd__o32a_1[[0]] (1)           |sky130_fd_sc_hd__o32a_1 (1)                
Number of devices: 69                      |Number of devices: 69                      
Number of nets: 72                         |Number of nets: 72                         
---------------------------------------------------------------------------------------
Netlists match uniquely.

Subcircuit pins:
Circuit 1: scanchain                       |Circuit 2: scanchain                       
-------------------------------------------|-------------------------------------------
data_out[6]                                |data_out[6]                                
data_out[5]                                |data_out[5]                                
data_out[3]                                |data_out[3]                                
data_out[2]                                |data_out[2]                                
data_out[1]                                |data_out[1]                                
data_out[7]                                |data_out[7]                                
data_out[4]                                |data_out[4]                                
scan_out                                   |scan_out                                   
clk                                        |clkbuf_0_clk/A **Mismatch**                
enable                                     |input1/A **Mismatch**                      
reset                                      |reset                                      
scan_en                                    |input3/A **Mismatch**                      
scan_in                                    |input4/A **Mismatch**                      
shift                                      |input5/A **Mismatch**                      
data_out[0]                                |data_out[0]                                
GND                                        |GND                                        
VDD                                        |VDD                                        
---------------------------------------------------------------------------------------
Cell pin lists for scanchain and scanchain altered to match.
Device classes scanchain and scanchain are equivalent.
Flattening unmatched subcell sky130_fd_pr__pfet_01v8_lvt_T5G9WD in circuit reference (1)(1 instance)
Flattening unmatched subcell sky130_fd_pr__pfet_01v8_lvt_46RJ2R in circuit reference (1)(2 instances)

Cell reference (1) disconnected node: VSUBS
Subcircuit summary:
Circuit 1: reference                       |Circuit 2: reference                       
-------------------------------------------|-------------------------------------------
sky130_fd_pr__pfet_01v8_lvt (3)            |sky130_fd_pr__pfet_01v8_lvt (3)            
Number of devices: 3                       |Number of devices: 3                       
Number of nets: 4                          |Number of nets: 4                          
---------------------------------------------------------------------------------------
Netlists match uniquely with port errors.

Subcircuit pins:
Circuit 1: reference                       |Circuit 2: reference                       
-------------------------------------------|-------------------------------------------
a_vdd                                      |w_0_0# **Mismatch**                        
a_gnd                                      |m1_20_n778# **Mismatch**                   
vref2                                      |vo1 **Mismatch**                           
vref1                                      |vo2 **Mismatch**                           
(no matching pin)                          |VSUBS                                      
---------------------------------------------------------------------------------------
Cell pin lists for reference and reference altered to match.
Device classes reference and reference are equivalent.
  Flattening non-matched subcircuits reference reference

Class sky130_fd_sc_hd__xnor2_4 (0):  Merged 30 parallel devices.
Class sky130_fd_sc_hd__xnor2_4 (1):  Merged 30 parallel devices.
Subcircuit summary:
Circuit 1: sky130_fd_sc_hd__xnor2_4        |Circuit 2: sky130_fd_sc_hd__xnor2_4        
-------------------------------------------|-------------------------------------------
sky130_fd_pr__nfet_01v8 (20->5)            |sky130_fd_pr__nfet_01v8 (20->5)            
sky130_fd_pr__pfet_01v8_hvt (20->5)        |sky130_fd_pr__pfet_01v8_hvt (20->5)        
Number of devices: 10                      |Number of devices: 10                      
Number of nets: 11                         |Number of nets: 11                         
---------------------------------------------------------------------------------------
Netlists match uniquely.

Subcircuit pins:
Circuit 1: sky130_fd_sc_hd__xnor2_4        |Circuit 2: sky130_fd_sc_hd__xnor2_4        
-------------------------------------------|-------------------------------------------
VNB                                        |VNB                                        
VPB                                        |VPB                                        
A                                          |A                                          
VPWR                                       |VPWR                                       
B                                          |B                                          
VGND                                       |VGND                                       
Y                                          |Y                                          
---------------------------------------------------------------------------------------
Cell pin lists are equivalent.
Device classes sky130_fd_sc_hd__xnor2_4 and sky130_fd_sc_hd__xnor2_4 are equivalent.

Subcircuit summary:
Circuit 1: sky130_fd_sc_hd__inv_1[[0]]     |Circuit 2: sky130_fd_sc_hd__inv_1          
-------------------------------------------|-------------------------------------------
sky130_fd_pr__nfet_01v8 (1)                |sky130_fd_pr__nfet_01v8 (1)                
sky130_fd_pr__pfet_01v8_hvt (1)            |sky130_fd_pr__pfet_01v8_hvt (1)            
Number of devices: 2                       |Number of devices: 2                       
Number of nets: 6                          |Number of nets: 6                          
---------------------------------------------------------------------------------------
Netlists match uniquely.

Subcircuit pins:
Circuit 1: sky130_fd_sc_hd__inv_1[[0]]     |Circuit 2: sky130_fd_sc_hd__inv_1          
-------------------------------------------|-------------------------------------------
Y                                          |Y                                          
A                                          |A                                          
VGND                                       |VGND                                       
VNB                                        |VNB                                        
VPWR                                       |VPWR                                       
VPB                                        |VPB                                        
---------------------------------------------------------------------------------------
Cell pin lists are equivalent.
Device classes sky130_fd_sc_hd__inv_1[[0]] and sky130_fd_sc_hd__inv_1 are equivalent.
Flattening unmatched subcell sky130_fd_pr__nfet_01v8_MKW48F in circuit source_follower_buffer (1)(1 instance)
Flattening unmatched subcell sky130_fd_pr__pfet_01v8_lvt_TM5SY6 in circuit source_follower_buffer (1)(1 instance)
Flattening unmatched subcell sky130_fd_pr__pfet_01v8_lvt_TZF6Y6 in circuit source_follower_buffer (1)(1 instance)
Flattening unmatched subcell sky130_fd_pr__nfet_01v8_SMGLWN in circuit source_follower_buffer (1)(1 instance)

Subcircuit summary:
Circuit 1: source_follower_buffer          |Circuit 2: source_follower_buffer          
-------------------------------------------|-------------------------------------------
sky130_fd_pr__nfet_01v8 (2)                |sky130_fd_pr__nfet_01v8 (2)                
sky130_fd_pr__pfet_01v8_lvt (2)            |sky130_fd_pr__pfet_01v8_lvt (2)            
Number of devices: 4                       |Number of devices: 4                       
Number of nets: 5                          |Number of nets: 5                          
---------------------------------------------------------------------------------------
Resolving symmetries by property value.
Resolving symmetries by pin name.
Netlists match uniquely.

Subcircuit pins:
Circuit 1: source_follower_buffer          |Circuit 2: source_follower_buffer          
-------------------------------------------|-------------------------------------------
vin2                                       |vin2                                       
vin1                                       |vin1                                       
a_gnd                                      |gnd **Mismatch**                           
vcp_in                                     |Vout **Mismatch**                          
a_vdd                                      |Vdd **Mismatch**                           
---------------------------------------------------------------------------------------
Cell pin lists for source_follower_buffer and source_follower_buffer altered to match.
Device classes source_follower_buffer and source_follower_buffer are equivalent.
Flattening unmatched subcell reconfigurable_CP_withScanchain2 in circuit toplevel_schematic.spice (0)(2 instances)
Flattening unmatched subcell reconfigurable_charge_pump in circuit toplevel_schematic.spice (0)(2 instances)
Flattening unmatched subcell cp1_buffer in circuit toplevel_schematic.spice (0)(6 instances)
Flattening unmatched subcell cp1 in circuit toplevel_schematic.spice (0)(6 instances)
Flattening unmatched subcell nmos_dnw in circuit toplevel_schematic.spice (0)(6 instances)
Flattening unmatched subcell clock_1 in circuit toplevel_schematic.spice (0)(6 instances)
Flattening unmatched subcell cp2_buffer in circuit toplevel_schematic.spice (0)(12 instances)
Flattening unmatched subcell cp2 in circuit toplevel_schematic.spice (0)(12 instances)
Flattening unmatched subcell clock_1 in circuit toplevel_schematic.spice (0)(12 instances)
Flattening unmatched subcell nmos_diode_connected in circuit toplevel_schematic.spice (0)(12 instances)
Flattening unmatched subcell nmos_dnw_cp2 in circuit toplevel_schematic.spice (0)(12 instances)
Flattening unmatched subcell cp2_buffer_reverse in circuit toplevel_schematic.spice (0)(8 instances)
Flattening unmatched subcell cp2_reverse in circuit toplevel_schematic.spice (0)(8 instances)
Flattening unmatched subcell clock_1 in circuit toplevel_schematic.spice (0)(8 instances)
Flattening unmatched subcell nmos_diode_connected in circuit toplevel_schematic.spice (0)(8 instances)
Flattening unmatched subcell nmos_dnw_cp2 in circuit toplevel_schematic.spice (0)(8 instances)
Flattening unmatched subcell cp1_buffer_reverse in circuit toplevel_schematic.spice (0)(4 instances)
Flattening unmatched subcell cp1_reverse in circuit toplevel_schematic.spice (0)(4 instances)
Flattening unmatched subcell nmos_dnw in circuit toplevel_schematic.spice (0)(4 instances)
Flattening unmatched subcell clock_1 in circuit toplevel_schematic.spice (0)(4 instances)
Flattening unmatched subcell charge_pump_cmfb in circuit toplevel_schematic.spice (0)(1 instance)
Flattening unmatched subcell reference_0_9 in circuit toplevel_schematic.spice (0)(1 instance)
Flattening unmatched subcell window_comparator in circuit toplevel_schematic.spice (0)(1 instance)
Flattening unmatched subcell sense_amp_comparator in circuit toplevel_schematic.spice (0)(2 instances)
Flattening unmatched subcell comparator_lvs in circuit toplevel_schematic.spice (0)(2 instances)
Flattening unmatched subcell latch_lvs in circuit toplevel_schematic.spice (0)(2 instances)
Flattening unmatched subcell comparator_inv in circuit toplevel_schematic.spice (0)(4 instances)
Flattening unmatched subcell open_loop in circuit toplevel_schematic.spice (0)(1 instance)
Flattening unmatched subcell first_stage_differential_amp in circuit toplevel_schematic.spice (0)(1 instance)
Flattening unmatched subcell cmfb_lvs in circuit toplevel_schematic.spice (0)(1 instance)
Flattening unmatched subcell integrator_full in circuit toplevel_schematic.spice (0)(1 instance)
Flattening unmatched subcell integrator_lvs in circuit toplevel_schematic.spice (0)(1 instance)
Flattening unmatched subcell cmfb_lvs in circuit toplevel_schematic.spice (0)(1 instance)
Flattening unmatched subcell full_stage_compact in circuit toplevel.spice (1)(1 instance)
Flattening unmatched subcell sky130_fd_pr__nfet_01v8_GWAZJ9 in circuit toplevel.spice (1)(3 instances)
Flattening unmatched subcell sky130_fd_pr__pfet_01v8_ACB9FB in circuit toplevel.spice (1)(4 instances)
Flattening unmatched subcell integrator_full_new_compact in circuit toplevel.spice (1)(1 instance)
Flattening unmatched subcell cmfb in circuit toplevel.spice (1)(1 instance)
Flattening unmatched subcell sky130_fd_pr__pfet_01v8_TM5SY6 in circuit toplevel.spice (1)(8 instances)
Flattening unmatched subcell sky130_fd_pr__nfet_01v8_SMGLWN in circuit toplevel.spice (1)(8 instances)
Flattening unmatched subcell sky130_fd_pr__nfet_01v8_PVEW3M in circuit toplevel.spice (1)(1 instance)
Flattening unmatched subcell integrator_new1 in circuit toplevel.spice (1)(1 instance)
Flattening unmatched subcell sky130_fd_pr__pfet_01v8_lvt_TM5SY6 in circuit toplevel.spice (1)(4 instances)
Flattening unmatched subcell sky130_fd_pr__nfet_01v8_SMGLWN in circuit toplevel.spice (1)(4 instances)
Flattening unmatched subcell sky130_fd_pr__nfet_01v8_EJYG4R in circuit toplevel.spice (1)(1 instance)
Flattening unmatched subcell sky130_fd_pr__cap_mim_m3_1_TNHPNJ in circuit toplevel.spice (1)(1 instance)
Flattening unmatched subcell sky130_fd_pr__nfet_01v8_GWXQMW in circuit toplevel.spice (1)(1 instance)
Flattening unmatched subcell sky130_fd_pr__pfet_01v8_WMSBVE in circuit toplevel.spice (1)(1 instance)
Flattening unmatched subcell sky130_fd_pr__nfet_01v8_5WVHMA in circuit toplevel.spice (1)(2 instances)
Flattening unmatched subcell sky130_fd_pr__pfet_01v8_DCBZKP in circuit toplevel.spice (1)(1 instance)
Flattening unmatched subcell firststage_compact in circuit toplevel.spice (1)(1 instance)
Flattening unmatched subcell cmfb in circuit toplevel.spice (1)(1 instance)
Flattening unmatched subcell sky130_fd_pr__pfet_01v8_TM5SY6 in circuit toplevel.spice (1)(12 instances)
Flattening unmatched subcell sky130_fd_pr__nfet_01v8_SMGLWN in circuit toplevel.spice (1)(8 instances)
Flattening unmatched subcell sky130_fd_pr__nfet_01v8_PVEW3M in circuit toplevel.spice (1)(1 instance)
Flattening unmatched subcell sky130_fd_pr__cap_mim_m3_1_4PHTN9 in circuit toplevel.spice (1)(1 instance)
Flattening unmatched subcell sky130_fd_pr__nfet_01v8_53744R in circuit toplevel.spice (1)(3 instances)
Flattening unmatched subcell sky130_fd_pr__nfet_01v8_FU3CJE in circuit toplevel.spice (1)(1 instance)
Flattening unmatched subcell sky130_fd_pr__cap_mim_m3_1_LJ5JLG in circuit toplevel.spice (1)(1 instance)
Flattening unmatched subcell cmfb_pmos in circuit toplevel.spice (1)(1 instance)
Flattening unmatched subcell sky130_fd_pr__pfet_01v8_lvt_PDYTS5 in circuit toplevel.spice (1)(4 instances)
Flattening unmatched subcell sky130_fd_pr__pfet_01v8_TM5SY6 in circuit toplevel.spice (1)(4 instances)
Flattening unmatched subcell sky130_fd_pr__nfet_01v8_SMGLWN in circuit toplevel.spice (1)(8 instances)
Flattening unmatched subcell sky130_fd_pr__pfet_01v8_BH9SS5 in circuit toplevel.spice (1)(2 instances)
Flattening unmatched subcell sky130_fd_pr__nfet_01v8_J7MSU8 in circuit toplevel.spice (1)(1 instance)
Flattening unmatched subcell sky130_fd_pr__nfet_01v8_3374R3 in circuit toplevel.spice (1)(1 instance)
Flattening unmatched subcell sky130_fd_pr__nfet_01v8_GWAZJ9 in circuit toplevel.spice (1)(1 instance)
Flattening unmatched subcell sky130_fd_pr__nfet_01v8_GWFSUW in circuit toplevel.spice (1)(1 instance)
Flattening unmatched subcell reference0_9 in circuit toplevel.spice (1)(1 instance)
Flattening unmatched subcell sky130_fd_pr__pfet_01v8_lvt_Y7VTPE in circuit toplevel.spice (1)(2 instances)
Flattening unmatched subcell reconfigurable_CP in circuit toplevel.spice (1)(2 instances)
Flattening unmatched subcell cp1_buffer_5stage in circuit toplevel.spice (1)(2 instances)
Flattening unmatched subcell cp1_buffer1 in circuit toplevel.spice (1)(6 instances)
Flattening unmatched subcell sky130_fd_pr__nfet_01v8_HRDN5X in circuit toplevel.spice (1)(6 instances)
Flattening unmatched subcell charge_pump1 in circuit toplevel.spice (1)(6 instances)
Flattening unmatched subcell sky130_fd_pr__cap_mim_m3_1_MH6KF8 in circuit toplevel.spice (1)(36 instances)
Flattening unmatched subcell nmos_dnw3 in circuit toplevel.spice (1)(6 instances)
Flattening unmatched subcell clock in circuit toplevel.spice (1)(6 instances)
Flattening unmatched subcell sky130_fd_pr__pfet_01v8_FBZ64Q in circuit toplevel.spice (1)(6 instances)
Flattening unmatched subcell sky130_fd_pr__nfet_01v8_5ACVEW in circuit toplevel.spice (1)(6 instances)
Flattening unmatched subcell inverter_27x in circuit toplevel.spice (1)(6 instances)
Flattening unmatched subcell sky130_fd_pr__nfet_01v8_NJGLN5 in circuit toplevel.spice (1)(6 instances)
Flattening unmatched subcell sky130_fd_pr__pfet_01v8_VR4B8J in circuit toplevel.spice (1)(6 instances)
Flattening unmatched subcell sky130_fd_pr__nfet_01v8_KMMFCM in circuit toplevel.spice (1)(18 instances)
Flattening unmatched subcell sky130_fd_pr__pfet_01v8_29EZRJ in circuit toplevel.spice (1)(24 instances)
Flattening unmatched subcell sky130_fd_pr__pfet_01v8_FL984Q in circuit toplevel.spice (1)(6 instances)
Flattening unmatched subcell sky130_fd_pr__pfet_01v8_FXZ64Q in circuit toplevel.spice (1)(18 instances)
Flattening unmatched subcell sky130_fd_pr__nfet_01v8_D4CDWR in circuit toplevel.spice (1)(6 instances)
Flattening unmatched subcell sky130_fd_pr__nfet_01v8_DQBD8A in circuit toplevel.spice (1)(24 instances)
Flattening unmatched subcell capacitors_1 in circuit toplevel.spice (1)(84 instances)
Flattening unmatched subcell sky130_fd_pr__pfet_01v8_4RPJ49 in circuit toplevel.spice (1)(12 instances)
Flattening unmatched subcell sky130_fd_pr__nfet_01v8_NJGC8F in circuit toplevel.spice (1)(12 instances)
Flattening unmatched subcell sky130_fd_pr__nfet_01v8_TKGCLY in circuit toplevel.spice (1)(6 instances)
Flattening unmatched subcell nmos_decap_10 in circuit toplevel.spice (1)(42 instances)
Flattening unmatched subcell sky130_fd_pr__nfet_01v8_NJGC45 in circuit toplevel.spice (1)(42 instances)
Flattening unmatched subcell pmos_decap_10 in circuit toplevel.spice (1)(60 instances)
Flattening unmatched subcell sky130_fd_pr__pfet_01v8_4ZKXAA in circuit toplevel.spice (1)(60 instances)
Flattening unmatched subcell cp1_buffer1_reverse in circuit toplevel.spice (1)(4 instances)
Flattening unmatched subcell pmos_decap_10 in circuit toplevel.spice (1)(60 instances)
Flattening unmatched subcell sky130_fd_pr__pfet_01v8_4ZKXAA in circuit toplevel.spice (1)(60 instances)
Flattening unmatched subcell charge_pump1_reverse in circuit toplevel.spice (1)(4 instances)
Flattening unmatched subcell sky130_fd_pr__cap_mim_m3_1_MH6KF8 in circuit toplevel.spice (1)(24 instances)
Flattening unmatched subcell nmos_dnw3 in circuit toplevel.spice (1)(4 instances)
Flattening unmatched subcell clock in circuit toplevel.spice (1)(4 instances)
Flattening unmatched subcell sky130_fd_pr__pfet_01v8_FBZ64Q in circuit toplevel.spice (1)(4 instances)
Flattening unmatched subcell sky130_fd_pr__nfet_01v8_5ACVEW in circuit toplevel.spice (1)(4 instances)
Flattening unmatched subcell inverter_27x in circuit toplevel.spice (1)(4 instances)
Flattening unmatched subcell sky130_fd_pr__nfet_01v8_NJGLN5 in circuit toplevel.spice (1)(4 instances)
Flattening unmatched subcell sky130_fd_pr__pfet_01v8_VR4B8J in circuit toplevel.spice (1)(4 instances)
Flattening unmatched subcell sky130_fd_pr__nfet_01v8_KMMFCM in circuit toplevel.spice (1)(12 instances)
Flattening unmatched subcell sky130_fd_pr__pfet_01v8_29EZRJ in circuit toplevel.spice (1)(16 instances)
Flattening unmatched subcell sky130_fd_pr__pfet_01v8_FL984Q in circuit toplevel.spice (1)(4 instances)
Flattening unmatched subcell sky130_fd_pr__pfet_01v8_FXZ64Q in circuit toplevel.spice (1)(12 instances)
Flattening unmatched subcell sky130_fd_pr__nfet_01v8_D4CDWR in circuit toplevel.spice (1)(4 instances)
Flattening unmatched subcell sky130_fd_pr__nfet_01v8_DQBD8A in circuit toplevel.spice (1)(16 instances)
Flattening unmatched subcell capacitors_1 in circuit toplevel.spice (1)(56 instances)
Flattening unmatched subcell sky130_fd_pr__pfet_01v8_4RPJ49 in circuit toplevel.spice (1)(8 instances)
Flattening unmatched subcell sky130_fd_pr__nfet_01v8_NJGC8F in circuit toplevel.spice (1)(8 instances)
Flattening unmatched subcell nmos_decap_10 in circuit toplevel.spice (1)(52 instances)
Flattening unmatched subcell sky130_fd_pr__nfet_01v8_NJGC45 in circuit toplevel.spice (1)(52 instances)
Flattening unmatched subcell cp2_buffer_5stage in circuit toplevel.spice (1)(4 instances)
Flattening unmatched subcell cp2_buffer1 in circuit toplevel.spice (1)(12 instances)
Flattening unmatched subcell pmos_decap_10 in circuit toplevel.spice (1)(168 instances)
Flattening unmatched subcell sky130_fd_pr__pfet_01v8_4ZKXAA in circuit toplevel.spice (1)(168 instances)
Flattening unmatched subcell charge_pump in circuit toplevel.spice (1)(12 instances)
Flattening unmatched subcell sky130_fd_pr__cap_mim_m3_1_MH6KF8 in circuit toplevel.spice (1)(48 instances)
Flattening unmatched subcell capacitors_5 in circuit toplevel.spice (1)(24 instances)
Flattening unmatched subcell nmos_dnw3 in circuit toplevel.spice (1)(12 instances)
Flattening unmatched subcell clock in circuit toplevel.spice (1)(12 instances)
Flattening unmatched subcell sky130_fd_pr__pfet_01v8_FBZ64Q in circuit toplevel.spice (1)(12 instances)
Flattening unmatched subcell sky130_fd_pr__nfet_01v8_5ACVEW in circuit toplevel.spice (1)(12 instances)
Flattening unmatched subcell inverter_27x in circuit toplevel.spice (1)(12 instances)
Flattening unmatched subcell sky130_fd_pr__nfet_01v8_NJGLN5 in circuit toplevel.spice (1)(12 instances)
Flattening unmatched subcell sky130_fd_pr__pfet_01v8_VR4B8J in circuit toplevel.spice (1)(12 instances)
Flattening unmatched subcell sky130_fd_pr__nfet_01v8_KMMFCM in circuit toplevel.spice (1)(36 instances)
Flattening unmatched subcell sky130_fd_pr__pfet_01v8_29EZRJ in circuit toplevel.spice (1)(48 instances)
Flattening unmatched subcell sky130_fd_pr__pfet_01v8_FL984Q in circuit toplevel.spice (1)(12 instances)
Flattening unmatched subcell sky130_fd_pr__pfet_01v8_FXZ64Q in circuit toplevel.spice (1)(36 instances)
Flattening unmatched subcell sky130_fd_pr__nfet_01v8_D4CDWR in circuit toplevel.spice (1)(12 instances)
Flattening unmatched subcell sky130_fd_pr__nfet_01v8_DQBD8A in circuit toplevel.spice (1)(48 instances)
Flattening unmatched subcell sky130_fd_pr__pfet_01v8_4RPJ49 in circuit toplevel.spice (1)(24 instances)
Flattening unmatched subcell sky130_fd_pr__nfet_01v8_NJGC8F in circuit toplevel.spice (1)(24 instances)
Flattening unmatched subcell nmos_diode2 in circuit toplevel.spice (1)(12 instances)
Flattening unmatched subcell nmos_decap_10 in circuit toplevel.spice (1)(72 instances)
Flattening unmatched subcell sky130_fd_pr__nfet_01v8_NJGC45 in circuit toplevel.spice (1)(72 instances)
Flattening unmatched subcell cp2_buffer2 in circuit toplevel.spice (1)(8 instances)
Flattening unmatched subcell pmos_decap_10 in circuit toplevel.spice (1)(128 instances)
Flattening unmatched subcell sky130_fd_pr__pfet_01v8_4ZKXAA in circuit toplevel.spice (1)(128 instances)
Flattening unmatched subcell nmos_decap_10 in circuit toplevel.spice (1)(80 instances)
Flattening unmatched subcell sky130_fd_pr__nfet_01v8_NJGC45 in circuit toplevel.spice (1)(80 instances)
Flattening unmatched subcell charge_pump_reverse in circuit toplevel.spice (1)(8 instances)
Flattening unmatched subcell sky130_fd_pr__cap_mim_m3_1_MH6KF8 in circuit toplevel.spice (1)(32 instances)
Flattening unmatched subcell capacitors_5 in circuit toplevel.spice (1)(16 instances)
Flattening unmatched subcell nmos_dnw3 in circuit toplevel.spice (1)(8 instances)
Flattening unmatched subcell clock in circuit toplevel.spice (1)(8 instances)
Flattening unmatched subcell sky130_fd_pr__pfet_01v8_FBZ64Q in circuit toplevel.spice (1)(8 instances)
Flattening unmatched subcell sky130_fd_pr__nfet_01v8_5ACVEW in circuit toplevel.spice (1)(8 instances)
Flattening unmatched subcell inverter_27x in circuit toplevel.spice (1)(8 instances)
Flattening unmatched subcell sky130_fd_pr__nfet_01v8_NJGLN5 in circuit toplevel.spice (1)(8 instances)
Flattening unmatched subcell sky130_fd_pr__pfet_01v8_VR4B8J in circuit toplevel.spice (1)(8 instances)
Flattening unmatched subcell sky130_fd_pr__nfet_01v8_KMMFCM in circuit toplevel.spice (1)(24 instances)
Flattening unmatched subcell sky130_fd_pr__pfet_01v8_29EZRJ in circuit toplevel.spice (1)(32 instances)
Flattening unmatched subcell sky130_fd_pr__pfet_01v8_FL984Q in circuit toplevel.spice (1)(8 instances)
Flattening unmatched subcell sky130_fd_pr__pfet_01v8_FXZ64Q in circuit toplevel.spice (1)(24 instances)
Flattening unmatched subcell sky130_fd_pr__nfet_01v8_D4CDWR in circuit toplevel.spice (1)(8 instances)
Flattening unmatched subcell sky130_fd_pr__nfet_01v8_DQBD8A in circuit toplevel.spice (1)(32 instances)
Flattening unmatched subcell sky130_fd_pr__pfet_01v8_4RPJ49 in circuit toplevel.spice (1)(16 instances)
Flattening unmatched subcell sky130_fd_pr__nfet_01v8_NJGC8F in circuit toplevel.spice (1)(16 instances)
Flattening unmatched subcell nmos_diode2 in circuit toplevel.spice (1)(8 instances)
Flattening unmatched subcell sky130_fd_pr__nfet_01v8_PXJ6TW in circuit toplevel.spice (1)(2 instances)
Flattening unmatched subcell comparator_final_compact in circuit toplevel.spice (1)(1 instance)
Flattening unmatched subcell sky130_fd_pr__nfet_01v8_GWFSUW in circuit toplevel.spice (1)(6 instances)
Flattening unmatched subcell comparator_full_compact in circuit toplevel.spice (1)(2 instances)
Flattening unmatched subcell inverter in circuit toplevel.spice (1)(4 instances)
Flattening unmatched subcell sky130_fd_pr__pfet_01v8_BH9SS5 in circuit toplevel.spice (1)(4 instances)
Flattening unmatched subcell sky130_fd_pr__nfet_01v8_53744R in circuit toplevel.spice (1)(4 instances)
Flattening unmatched subcell comparator_layout in circuit toplevel.spice (1)(2 instances)
Flattening unmatched subcell sky130_fd_pr__nfet_01v8_PVEW3M in circuit toplevel.spice (1)(14 instances)
Flattening unmatched subcell sky130_fd_pr__pfet_01v8_X3YSY6 in circuit toplevel.spice (1)(8 instances)
Flattening unmatched subcell sky130_fd_pr__pfet_01v8_B5E2Q5 in circuit toplevel.spice (1)(2 instances)
Flattening unmatched subcell latch_layout in circuit toplevel.spice (1)(2 instances)
Flattening unmatched subcell sky130_fd_pr__nfet_01v8_PVEW3M in circuit toplevel.spice (1)(12 instances)
Flattening unmatched subcell sky130_fd_pr__pfet_01v8_X3YSY6 in circuit toplevel.spice (1)(12 instances)

Class toplevel_schematic.spice (0):  Merged 232 parallel devices.
Class toplevel.spice (1):  Merged 21132 parallel devices.
Subcircuit summary:
Circuit 1: toplevel_schematic.spice        |Circuit 2: toplevel.spice                  
-------------------------------------------|-------------------------------------------
scanchain (2)                              |scanchain (2)                              
sky130_fd_pr__nfet_01v8 (1020->910)        |sky130_fd_pr__nfet_01v8 (10853->910)       
sky130_fd_pr__pfet_01v8 (895->776)         |sky130_fd_pr__pfet_01v8 (11962->776)       
capacitor_8 (160)                          |capacitor_8 (160)                          
sky130_fd_pr__cap_mim_m3_1 (143)           |sky130_fd_pr__cap_mim_m3_1 (143)           
buffer_digital (60)                        |buffer_digital (60)                        
capacitor_5 (320)                          |capacitor_5 (320)                          
sky130_fd_pr__pfet_01v8_lvt (16->13)       |sky130_fd_pr__pfet_01v8_lvt (16->13)       
sky130_fd_sc_hd__xnor2_4 (1)               |sky130_fd_sc_hd__xnor2_4 (1)               
sky130_fd_sc_hd__inv_1[[0]] (1)            |sky130_fd_sc_hd__inv_1 (1)                 
source_follower_buffer (2)                 |source_follower_buffer (2)                 
Number of devices: 2388                    |Number of devices: 2388                    
Number of nets: 1007                       |Number of nets: 1007                       
---------------------------------------------------------------------------------------
Resolving symmetries by property value.
Resolving symmetries by pin name.
Netlists match uniquely.
Cells have no pins;  pin matching not needed.
Device classes toplevel_schematic.spice and toplevel.spice are equivalent.

Final result: Circuits match uniquely.
.
